<?xml version="1.0" encoding="UTF-8"?>
<testng-results ignored="0" total="1" passed="1" failed="0" skipped="0">
  <reporter-output>
  </reporter-output>
  <suite started-at="2021-09-05T19:16:13 IST" name="Default suite" finished-at="2021-09-05T19:16:18 IST" duration-ms="4531">
    <groups>
    </groups>
    <test started-at="2021-09-05T19:16:13 IST" name="Default test" finished-at="2021-09-05T19:16:18 IST" duration-ms="4531">
      <class name="Get_Request">
        <test-method signature="getSpacexLaunchDetails()[pri:0, instance:Get_Request@57d7f8ca]" started-at="2021-09-05T19:16:13 IST" name="getSpacexLaunchDetails" finished-at="2021-09-05T19:16:18 IST" duration-ms="4482" status="PASS">
          <reporter-output>
          </reporter-output>
        </test-method> <!-- getSpacexLaunchDetails -->
      </class> <!-- Get_Request -->
    </test> <!-- Default test -->
  </suite> <!-- Default suite -->
</testng-results>
